[2025-12-19 10:58:11] local.ERROR: The resource owner or authorization server denied the request. {"exception":"[object] (League\\OAuth2\\Server\\Exception\\OAuthServerException(code: 9): The resource owner or authorization server denied the request. at /Users/macbook/Documents/Proyectos/kellyservices/poblation/vendor/league/oauth2-server/src/Exception/OAuthServerException.php:171)
[stacktrace]
#0 /Users/macbook/Documents/Proyectos/kellyservices/poblation/vendor/league/oauth2-server/src/AuthorizationValidators/BearerTokenValidator.php(126): League\\OAuth2\\Server\\Exception\\OAuthServerException::accessDenied('Access token ha...')
#1 /Users/macbook/Documents/Proyectos/kellyservices/poblation/vendor/league/oauth2-server/src/ResourceServer.php(56): League\\OAuth2\\Server\\AuthorizationValidators\\BearerTokenValidator->validateAuthorization(Object(GuzzleHttp\\Psr7\\ServerRequest))
#2 /Users/macbook/Documents/Proyectos/kellyservices/poblation/vendor/laravel/passport/src/Guards/TokenGuard.php(172): League\\OAuth2\\Server\\ResourceServer->validateAuthenticatedRequest(Object(GuzzleHttp\\Psr7\\ServerRequest))
#3 /Users/macbook/Documents/Proyectos/kellyservices/poblation/vendor/laravel/passport/src/Guards/TokenGuard.php(128): Laravel\\Passport\\Guards\\TokenGuard->getPsrRequestViaBearerToken()
#4 /Users/macbook/Documents/Proyectos/kellyservices/poblation/vendor/laravel/passport/src/Guards/TokenGuard.php(69): Laravel\\Passport\\Guards\\TokenGuard->authenticateViaBearerToken()
#5 /Users/macbook/Documents/Proyectos/kellyservices/poblation/vendor/laravel/framework/src/Illuminate/Auth/GuardHelpers.php(56): Laravel\\Passport\\Guards\\TokenGuard->user()
#6 /Users/macbook/Documents/Proyectos/kellyservices/poblation/vendor/laravel/framework/src/Illuminate/Auth/Middleware/Authenticate.php(82): Laravel\\Passport\\Guards\\TokenGuard->check()
#7 /Users/macbook/Documents/Proyectos/kellyservices/poblation/vendor/laravel/framework/src/Illuminate/Auth/Middleware/Authenticate.php(61): Illuminate\\Auth\\Middleware\\Authenticate->authenticate(Object(Illuminate\\Http\\Request), Array)
#8 /Users/macbook/Documents/Proyectos/kellyservices/poblation/vendor/laravel/framework/src/Illuminate/Pipeline/Pipeline.php(219): Illuminate\\Auth\\Middleware\\Authenticate->handle(Object(Illuminate\\Http\\Request), Object(Closure), 'api')
#9 /Users/macbook/Documents/Proyectos/kellyservices/poblation/vendor/laravel/framework/src/Illuminate/Pipeline/Pipeline.php(137): Illuminate\\Pipeline\\Pipeline->{closure:{closure:Illuminate\\Pipeline\\Pipeline::carry():194}:195}(Object(Illuminate\\Http\\Request))
#10 /Users/macbook/Documents/Proyectos/kellyservices/poblation/vendor/laravel/framework/src/Illuminate/Routing/Router.php(821): Illuminate\\Pipeline\\Pipeline->then(Object(Closure))
#11 /Users/macbook/Documents/Proyectos/kellyservices/poblation/vendor/laravel/framework/src/Illuminate/Routing/Router.php(800): Illuminate\\Routing\\Router->runRouteWithinStack(Object(Illuminate\\Routing\\Route), Object(Illuminate\\Http\\Request))
#12 /Users/macbook/Documents/Proyectos/kellyservices/poblation/vendor/laravel/framework/src/Illuminate/Routing/Router.php(764): Illuminate\\Routing\\Router->runRoute(Object(Illuminate\\Http\\Request), Object(Illuminate\\Routing\\Route))
#13 /Users/macbook/Documents/Proyectos/kellyservices/poblation/vendor/laravel/framework/src/Illuminate/Routing/Router.php(753): Illuminate\\Routing\\Router->dispatchToRoute(Object(Illuminate\\Http\\Request))
#14 /Users/macbook/Documents/Proyectos/kellyservices/poblation/vendor/laravel/framework/src/Illuminate/Foundation/Http/Kernel.php(200): Illuminate\\Routing\\Router->dispatch(Object(Illuminate\\Http\\Request))
#15 /Users/macbook/Documents/Proyectos/kellyservices/poblation/vendor/laravel/framework/src/Illuminate/Pipeline/Pipeline.php(180): Illuminate\\Foundation\\Http\\Kernel->{closure:Illuminate\\Foundation\\Http\\Kernel::dispatchToRouter():197}(Object(Illuminate\\Http\\Request))
#16 /Users/macbook/Documents/Proyectos/kellyservices/poblation/vendor/laravel/framework/src/Illuminate/Foundation/Http/Middleware/TransformsRequest.php(21): Illuminate\\Pipeline\\Pipeline->{closure:Illuminate\\Pipeline\\Pipeline::prepareDestination():178}(Object(Illuminate\\Http\\Request))
#17 /Users/macbook/Documents/Proyectos/kellyservices/poblation/vendor/laravel/framework/src/Illuminate/Foundation/Http/Middleware/ConvertEmptyStringsToNull.php(31): Illuminate\\Foundation\\Http\\Middleware\\TransformsRequest->handle(Object(Illuminate\\Http\\Request), Object(Closure))
#18 /Users/macbook/Documents/Proyectos/kellyservices/poblation/vendor/laravel/framework/src/Illuminate/Pipeline/Pipeline.php(219): Illuminate\\Foundation\\Http\\Middleware\\ConvertEmptyStringsToNull->handle(Object(Illuminate\\Http\\Request), Object(Closure))
#19 /Users/macbook/Documents/Proyectos/kellyservices/poblation/vendor/laravel/framework/src/Illuminate/Foundation/Http/Middleware/TransformsRequest.php(21): Illuminate\\Pipeline\\Pipeline->{closure:{closure:Illuminate\\Pipeline\\Pipeline::carry():194}:195}(Object(Illuminate\\Http\\Request))
#20 /Users/macbook/Documents/Proyectos/kellyservices/poblation/vendor/laravel/framework/src/Illuminate/Foundation/Http/Middleware/TrimStrings.php(51): Illuminate\\Foundation\\Http\\Middleware\\TransformsRequest->handle(Object(Illuminate\\Http\\Request), Object(Closure))
#21 /Users/macbook/Documents/Proyectos/kellyservices/poblation/vendor/laravel/framework/src/Illuminate/Pipeline/Pipeline.php(219): Illuminate\\Foundation\\Http\\Middleware\\TrimStrings->handle(Object(Illuminate\\Http\\Request), Object(Closure))
#22 /Users/macbook/Documents/Proyectos/kellyservices/poblation/vendor/laravel/framework/src/Illuminate/Http/Middleware/ValidatePostSize.php(27): Illuminate\\Pipeline\\Pipeline->{closure:{closure:Illuminate\\Pipeline\\Pipeline::carry():194}:195}(Object(Illuminate\\Http\\Request))
#23 /Users/macbook/Documents/Proyectos/kellyservices/poblation/vendor/laravel/framework/src/Illuminate/Pipeline/Pipeline.php(219): Illuminate\\Http\\Middleware\\ValidatePostSize->handle(Object(Illuminate\\Http\\Request), Object(Closure))
#24 /Users/macbook/Documents/Proyectos/kellyservices/poblation/vendor/laravel/framework/src/Illuminate/Foundation/Http/Middleware/PreventRequestsDuringMaintenance.php(109): Illuminate\\Pipeline\\Pipeline->{closure:{closure:Illuminate\\Pipeline\\Pipeline::carry():194}:195}(Object(Illuminate\\Http\\Request))
#25 /Users/macbook/Documents/Proyectos/kellyservices/poblation/vendor/laravel/framework/src/Illuminate/Pipeline/Pipeline.php(219): Illuminate\\Foundation\\Http\\Middleware\\PreventRequestsDuringMaintenance->handle(Object(Illuminate\\Http\\Request), Object(Closure))
#26 /Users/macbook/Documents/Proyectos/kellyservices/poblation/vendor/laravel/framework/src/Illuminate/Http/Middleware/HandleCors.php(61): Illuminate\\Pipeline\\Pipeline->{closure:{closure:Illuminate\\Pipeline\\Pipeline::carry():194}:195}(Object(Illuminate\\Http\\Request))
#27 /Users/macbook/Documents/Proyectos/kellyservices/poblation/vendor/laravel/framework/src/Illuminate/Pipeline/Pipeline.php(219): Illuminate\\Http\\Middleware\\HandleCors->handle(Object(Illuminate\\Http\\Request), Object(Closure))
#28 /Users/macbook/Documents/Proyectos/kellyservices/poblation/vendor/laravel/framework/src/Illuminate/Http/Middleware/TrustProxies.php(58): Illuminate\\Pipeline\\Pipeline->{closure:{closure:Illuminate\\Pipeline\\Pipeline::carry():194}:195}(Object(Illuminate\\Http\\Request))
#29 /Users/macbook/Documents/Proyectos/kellyservices/poblation/vendor/laravel/framework/src/Illuminate/Pipeline/Pipeline.php(219): Illuminate\\Http\\Middleware\\TrustProxies->handle(Object(Illuminate\\Http\\Request), Object(Closure))
#30 /Users/macbook/Documents/Proyectos/kellyservices/poblation/vendor/laravel/framework/src/Illuminate/Foundation/Http/Middleware/InvokeDeferredCallbacks.php(22): Illuminate\\Pipeline\\Pipeline->{closure:{closure:Illuminate\\Pipeline\\Pipeline::carry():194}:195}(Object(Illuminate\\Http\\Request))
#31 /Users/macbook/Documents/Proyectos/kellyservices/poblation/vendor/laravel/framework/src/Illuminate/Pipeline/Pipeline.php(219): Illuminate\\Foundation\\Http\\Middleware\\InvokeDeferredCallbacks->handle(Object(Illuminate\\Http\\Request), Object(Closure))
#32 /Users/macbook/Documents/Proyectos/kellyservices/poblation/vendor/laravel/framework/src/Illuminate/Http/Middleware/ValidatePathEncoding.php(26): Illuminate\\Pipeline\\Pipeline->{closure:{closure:Illuminate\\Pipeline\\Pipeline::carry():194}:195}(Object(Illuminate\\Http\\Request))
#33 /Users/macbook/Documents/Proyectos/kellyservices/poblation/vendor/laravel/framework/src/Illuminate/Pipeline/Pipeline.php(219): Illuminate\\Http\\Middleware\\ValidatePathEncoding->handle(Object(Illuminate\\Http\\Request), Object(Closure))
#34 /Users/macbook/Documents/Proyectos/kellyservices/poblation/vendor/laravel/framework/src/Illuminate/Pipeline/Pipeline.php(137): Illuminate\\Pipeline\\Pipeline->{closure:{closure:Illuminate\\Pipeline\\Pipeline::carry():194}:195}(Object(Illuminate\\Http\\Request))
#35 /Users/macbook/Documents/Proyectos/kellyservices/poblation/vendor/laravel/framework/src/Illuminate/Foundation/Http/Kernel.php(175): Illuminate\\Pipeline\\Pipeline->then(Object(Closure))
#36 /Users/macbook/Documents/Proyectos/kellyservices/poblation/vendor/laravel/framework/src/Illuminate/Foundation/Http/Kernel.php(144): Illuminate\\Foundation\\Http\\Kernel->sendRequestThroughRouter(Object(Illuminate\\Http\\Request))
#37 /Users/macbook/Documents/Proyectos/kellyservices/poblation/vendor/laravel/framework/src/Illuminate/Foundation/Application.php(1220): Illuminate\\Foundation\\Http\\Kernel->handle(Object(Illuminate\\Http\\Request))
#38 /Users/macbook/Documents/Proyectos/kellyservices/poblation/public/index.php(20): Illuminate\\Foundation\\Application->handleRequest(Object(Illuminate\\Http\\Request))
#39 {main}
"} 
[2025-12-19 10:58:24] local.ERROR: Personal access client not found for 'users' user provider. Please create one. {"exception":"[object] (RuntimeException(code: 0): Personal access client not found for 'users' user provider. Please create one. at /Users/macbook/Documents/Proyectos/kellyservices/poblation/vendor/laravel/passport/src/ClientRepository.php:74)
[stacktrace]
#0 /Users/macbook/Documents/Proyectos/kellyservices/poblation/vendor/laravel/passport/src/Bridge/ClientRepository.php(48): Laravel\\Passport\\ClientRepository->personalAccessClient('users')
#1 /Users/macbook/Documents/Proyectos/kellyservices/poblation/vendor/laravel/passport/src/Bridge/PersonalAccessGrant.php(33): Laravel\\Passport\\Bridge\\ClientRepository->getPersonalAccessClientEntity('users')
#2 /Users/macbook/Documents/Proyectos/kellyservices/poblation/vendor/league/oauth2-server/src/AuthorizationServer.php(176): Laravel\\Passport\\Bridge\\PersonalAccessGrant->respondToAccessTokenRequest(Object(GuzzleHttp\\Psr7\\ServerRequest), Object(Laravel\\Passport\\Bridge\\PersonalAccessBearerTokenResponse), Object(Carbon\\CarbonInterval))
#3 /Users/macbook/Documents/Proyectos/kellyservices/poblation/vendor/laravel/passport/src/PersonalAccessTokenFactory.php(58): League\\OAuth2\\Server\\AuthorizationServer->respondToAccessTokenRequest(Object(GuzzleHttp\\Psr7\\ServerRequest), Object(GuzzleHttp\\Psr7\\Response))
#4 /Users/macbook/Documents/Proyectos/kellyservices/poblation/vendor/laravel/passport/src/PersonalAccessTokenFactory.php(29): Laravel\\Passport\\PersonalAccessTokenFactory->dispatchRequestToAuthorizationServer(Object(GuzzleHttp\\Psr7\\ServerRequest))
#5 /Users/macbook/Documents/Proyectos/kellyservices/poblation/vendor/laravel/passport/src/HasApiTokens.php(103): Laravel\\Passport\\PersonalAccessTokenFactory->make(1, 'auth_token', Array, 'users')
#6 /Users/macbook/Documents/Proyectos/kellyservices/poblation/app/Http/Controllers/Api/AuthController.php(43): App\\Models\\User->createToken('auth_token')
#7 /Users/macbook/Documents/Proyectos/kellyservices/poblation/vendor/laravel/framework/src/Illuminate/Routing/ControllerDispatcher.php(46): App\\Http\\Controllers\\Api\\AuthController->login(Object(App\\Http\\Requests\\LoginRequest))
#8 /Users/macbook/Documents/Proyectos/kellyservices/poblation/vendor/laravel/framework/src/Illuminate/Routing/Route.php(265): Illuminate\\Routing\\ControllerDispatcher->dispatch(Object(Illuminate\\Routing\\Route), Object(App\\Http\\Controllers\\Api\\AuthController), 'login')
#9 /Users/macbook/Documents/Proyectos/kellyservices/poblation/vendor/laravel/framework/src/Illuminate/Routing/Route.php(211): Illuminate\\Routing\\Route->runController()
#10 /Users/macbook/Documents/Proyectos/kellyservices/poblation/vendor/laravel/framework/src/Illuminate/Routing/Router.php(822): Illuminate\\Routing\\Route->run()
#11 /Users/macbook/Documents/Proyectos/kellyservices/poblation/vendor/laravel/framework/src/Illuminate/Pipeline/Pipeline.php(180): Illuminate\\Routing\\Router->{closure:Illuminate\\Routing\\Router::runRouteWithinStack():821}(Object(Illuminate\\Http\\Request))
#12 /Users/macbook/Documents/Proyectos/kellyservices/poblation/vendor/laravel/framework/src/Illuminate/Routing/Middleware/SubstituteBindings.php(50): Illuminate\\Pipeline\\Pipeline->{closure:Illuminate\\Pipeline\\Pipeline::prepareDestination():178}(Object(Illuminate\\Http\\Request))
#13 /Users/macbook/Documents/Proyectos/kellyservices/poblation/vendor/laravel/framework/src/Illuminate/Pipeline/Pipeline.php(219): Illuminate\\Routing\\Middleware\\SubstituteBindings->handle(Object(Illuminate\\Http\\Request), Object(Closure))
#14 /Users/macbook/Documents/Proyectos/kellyservices/poblation/vendor/laravel/framework/src/Illuminate/Pipeline/Pipeline.php(137): Illuminate\\Pipeline\\Pipeline->{closure:{closure:Illuminate\\Pipeline\\Pipeline::carry():194}:195}(Object(Illuminate\\Http\\Request))
#15 /Users/macbook/Documents/Proyectos/kellyservices/poblation/vendor/laravel/framework/src/Illuminate/Routing/Router.php(821): Illuminate\\Pipeline\\Pipeline->then(Object(Closure))
#16 /Users/macbook/Documents/Proyectos/kellyservices/poblation/vendor/laravel/framework/src/Illuminate/Routing/Router.php(800): Illuminate\\Routing\\Router->runRouteWithinStack(Object(Illuminate\\Routing\\Route), Object(Illuminate\\Http\\Request))
#17 /Users/macbook/Documents/Proyectos/kellyservices/poblation/vendor/laravel/framework/src/Illuminate/Routing/Router.php(764): Illuminate\\Routing\\Router->runRoute(Object(Illuminate\\Http\\Request), Object(Illuminate\\Routing\\Route))
#18 /Users/macbook/Documents/Proyectos/kellyservices/poblation/vendor/laravel/framework/src/Illuminate/Routing/Router.php(753): Illuminate\\Routing\\Router->dispatchToRoute(Object(Illuminate\\Http\\Request))
#19 /Users/macbook/Documents/Proyectos/kellyservices/poblation/vendor/laravel/framework/src/Illuminate/Foundation/Http/Kernel.php(200): Illuminate\\Routing\\Router->dispatch(Object(Illuminate\\Http\\Request))
#20 /Users/macbook/Documents/Proyectos/kellyservices/poblation/vendor/laravel/framework/src/Illuminate/Pipeline/Pipeline.php(180): Illuminate\\Foundation\\Http\\Kernel->{closure:Illuminate\\Foundation\\Http\\Kernel::dispatchToRouter():197}(Object(Illuminate\\Http\\Request))
#21 /Users/macbook/Documents/Proyectos/kellyservices/poblation/vendor/laravel/framework/src/Illuminate/Foundation/Http/Middleware/TransformsRequest.php(21): Illuminate\\Pipeline\\Pipeline->{closure:Illuminate\\Pipeline\\Pipeline::prepareDestination():178}(Object(Illuminate\\Http\\Request))
#22 /Users/macbook/Documents/Proyectos/kellyservices/poblation/vendor/laravel/framework/src/Illuminate/Foundation/Http/Middleware/ConvertEmptyStringsToNull.php(31): Illuminate\\Foundation\\Http\\Middleware\\TransformsRequest->handle(Object(Illuminate\\Http\\Request), Object(Closure))
#23 /Users/macbook/Documents/Proyectos/kellyservices/poblation/vendor/laravel/framework/src/Illuminate/Pipeline/Pipeline.php(219): Illuminate\\Foundation\\Http\\Middleware\\ConvertEmptyStringsToNull->handle(Object(Illuminate\\Http\\Request), Object(Closure))
#24 /Users/macbook/Documents/Proyectos/kellyservices/poblation/vendor/laravel/framework/src/Illuminate/Foundation/Http/Middleware/TransformsRequest.php(21): Illuminate\\Pipeline\\Pipeline->{closure:{closure:Illuminate\\Pipeline\\Pipeline::carry():194}:195}(Object(Illuminate\\Http\\Request))
#25 /Users/macbook/Documents/Proyectos/kellyservices/poblation/vendor/laravel/framework/src/Illuminate/Foundation/Http/Middleware/TrimStrings.php(51): Illuminate\\Foundation\\Http\\Middleware\\TransformsRequest->handle(Object(Illuminate\\Http\\Request), Object(Closure))
#26 /Users/macbook/Documents/Proyectos/kellyservices/poblation/vendor/laravel/framework/src/Illuminate/Pipeline/Pipeline.php(219): Illuminate\\Foundation\\Http\\Middleware\\TrimStrings->handle(Object(Illuminate\\Http\\Request), Object(Closure))
#27 /Users/macbook/Documents/Proyectos/kellyservices/poblation/vendor/laravel/framework/src/Illuminate/Http/Middleware/ValidatePostSize.php(27): Illuminate\\Pipeline\\Pipeline->{closure:{closure:Illuminate\\Pipeline\\Pipeline::carry():194}:195}(Object(Illuminate\\Http\\Request))
#28 /Users/macbook/Documents/Proyectos/kellyservices/poblation/vendor/laravel/framework/src/Illuminate/Pipeline/Pipeline.php(219): Illuminate\\Http\\Middleware\\ValidatePostSize->handle(Object(Illuminate\\Http\\Request), Object(Closure))
#29 /Users/macbook/Documents/Proyectos/kellyservices/poblation/vendor/laravel/framework/src/Illuminate/Foundation/Http/Middleware/PreventRequestsDuringMaintenance.php(109): Illuminate\\Pipeline\\Pipeline->{closure:{closure:Illuminate\\Pipeline\\Pipeline::carry():194}:195}(Object(Illuminate\\Http\\Request))
#30 /Users/macbook/Documents/Proyectos/kellyservices/poblation/vendor/laravel/framework/src/Illuminate/Pipeline/Pipeline.php(219): Illuminate\\Foundation\\Http\\Middleware\\PreventRequestsDuringMaintenance->handle(Object(Illuminate\\Http\\Request), Object(Closure))
#31 /Users/macbook/Documents/Proyectos/kellyservices/poblation/vendor/laravel/framework/src/Illuminate/Http/Middleware/HandleCors.php(61): Illuminate\\Pipeline\\Pipeline->{closure:{closure:Illuminate\\Pipeline\\Pipeline::carry():194}:195}(Object(Illuminate\\Http\\Request))
#32 /Users/macbook/Documents/Proyectos/kellyservices/poblation/vendor/laravel/framework/src/Illuminate/Pipeline/Pipeline.php(219): Illuminate\\Http\\Middleware\\HandleCors->handle(Object(Illuminate\\Http\\Request), Object(Closure))
#33 /Users/macbook/Documents/Proyectos/kellyservices/poblation/vendor/laravel/framework/src/Illuminate/Http/Middleware/TrustProxies.php(58): Illuminate\\Pipeline\\Pipeline->{closure:{closure:Illuminate\\Pipeline\\Pipeline::carry():194}:195}(Object(Illuminate\\Http\\Request))
#34 /Users/macbook/Documents/Proyectos/kellyservices/poblation/vendor/laravel/framework/src/Illuminate/Pipeline/Pipeline.php(219): Illuminate\\Http\\Middleware\\TrustProxies->handle(Object(Illuminate\\Http\\Request), Object(Closure))
#35 /Users/macbook/Documents/Proyectos/kellyservices/poblation/vendor/laravel/framework/src/Illuminate/Foundation/Http/Middleware/InvokeDeferredCallbacks.php(22): Illuminate\\Pipeline\\Pipeline->{closure:{closure:Illuminate\\Pipeline\\Pipeline::carry():194}:195}(Object(Illuminate\\Http\\Request))
#36 /Users/macbook/Documents/Proyectos/kellyservices/poblation/vendor/laravel/framework/src/Illuminate/Pipeline/Pipeline.php(219): Illuminate\\Foundation\\Http\\Middleware\\InvokeDeferredCallbacks->handle(Object(Illuminate\\Http\\Request), Object(Closure))
#37 /Users/macbook/Documents/Proyectos/kellyservices/poblation/vendor/laravel/framework/src/Illuminate/Http/Middleware/ValidatePathEncoding.php(26): Illuminate\\Pipeline\\Pipeline->{closure:{closure:Illuminate\\Pipeline\\Pipeline::carry():194}:195}(Object(Illuminate\\Http\\Request))
#38 /Users/macbook/Documents/Proyectos/kellyservices/poblation/vendor/laravel/framework/src/Illuminate/Pipeline/Pipeline.php(219): Illuminate\\Http\\Middleware\\ValidatePathEncoding->handle(Object(Illuminate\\Http\\Request), Object(Closure))
#39 /Users/macbook/Documents/Proyectos/kellyservices/poblation/vendor/laravel/framework/src/Illuminate/Pipeline/Pipeline.php(137): Illuminate\\Pipeline\\Pipeline->{closure:{closure:Illuminate\\Pipeline\\Pipeline::carry():194}:195}(Object(Illuminate\\Http\\Request))
#40 /Users/macbook/Documents/Proyectos/kellyservices/poblation/vendor/laravel/framework/src/Illuminate/Foundation/Http/Kernel.php(175): Illuminate\\Pipeline\\Pipeline->then(Object(Closure))
#41 /Users/macbook/Documents/Proyectos/kellyservices/poblation/vendor/laravel/framework/src/Illuminate/Foundation/Http/Kernel.php(144): Illuminate\\Foundation\\Http\\Kernel->sendRequestThroughRouter(Object(Illuminate\\Http\\Request))
#42 /Users/macbook/Documents/Proyectos/kellyservices/poblation/vendor/laravel/framework/src/Illuminate/Foundation/Application.php(1220): Illuminate\\Foundation\\Http\\Kernel->handle(Object(Illuminate\\Http\\Request))
#43 /Users/macbook/Documents/Proyectos/kellyservices/poblation/public/index.php(20): Illuminate\\Foundation\\Application->handleRequest(Object(Illuminate\\Http\\Request))
#44 {main}
"} 
[2025-12-19 11:18:22] local.DEBUG: Resource id #20  
[2025-12-19 11:18:22] local.DEBUG: LOAD DATA LOCAL INFILE '/Users/macbook/Documents/Proyectos/kellyservices/poblation/storage/app/private/temp/tmp_XclbZAJz5ieh524JFw8P.csv'
                INTO TABLE carga_temporal
                FIELDS TERMINATED BY ','
                ENCLOSED BY '"'
                LINES TERMINATED BY '\n'
                IGNORE 1 ROWS
                (nombre, paterno, materno, telefono, calle, numero_exterior, numero_interior, colonia, cp)
                SET user_id = 1  
[2025-12-19 11:18:24] local.ERROR: Object of class PDOStatement could not be converted to string {"userId":1,"exception":"[object] (Error(code: 0): Object of class PDOStatement could not be converted to string at /Users/macbook/Documents/Proyectos/kellyservices/poblation/vendor/laravel/framework/src/Illuminate/Log/Logger.php:276)
[stacktrace]
#0 /Users/macbook/Documents/Proyectos/kellyservices/poblation/vendor/laravel/framework/src/Illuminate/Log/Logger.php(184): Illuminate\\Log\\Logger->formatMessage(Object(PDOStatement))
#1 /Users/macbook/Documents/Proyectos/kellyservices/poblation/vendor/laravel/framework/src/Illuminate/Log/Logger.php(144): Illuminate\\Log\\Logger->writeLog('debug', Object(PDOStatement), Array)
#2 /Users/macbook/Documents/Proyectos/kellyservices/poblation/vendor/laravel/framework/src/Illuminate/Log/LogManager.php(756): Illuminate\\Log\\Logger->debug(Object(PDOStatement), Array)
#3 /Users/macbook/Documents/Proyectos/kellyservices/poblation/vendor/laravel/framework/src/Illuminate/Support/Facades/Facade.php(363): Illuminate\\Log\\LogManager->debug(Object(PDOStatement))
#4 /Users/macbook/Documents/Proyectos/kellyservices/poblation/app/Http/Controllers/Api/PersonController.php(44): Illuminate\\Support\\Facades\\Facade::__callStatic('debug', Array)
#5 /Users/macbook/Documents/Proyectos/kellyservices/poblation/vendor/laravel/framework/src/Illuminate/Routing/ControllerDispatcher.php(46): App\\Http\\Controllers\\Api\\PersonController->show(1)
#6 /Users/macbook/Documents/Proyectos/kellyservices/poblation/vendor/laravel/framework/src/Illuminate/Routing/Route.php(265): Illuminate\\Routing\\ControllerDispatcher->dispatch(Object(Illuminate\\Routing\\Route), Object(App\\Http\\Controllers\\Api\\PersonController), 'show')
#7 /Users/macbook/Documents/Proyectos/kellyservices/poblation/vendor/laravel/framework/src/Illuminate/Routing/Route.php(211): Illuminate\\Routing\\Route->runController()
#8 /Users/macbook/Documents/Proyectos/kellyservices/poblation/vendor/laravel/framework/src/Illuminate/Routing/Router.php(822): Illuminate\\Routing\\Route->run()
#9 /Users/macbook/Documents/Proyectos/kellyservices/poblation/vendor/laravel/framework/src/Illuminate/Pipeline/Pipeline.php(180): Illuminate\\Routing\\Router->{closure:Illuminate\\Routing\\Router::runRouteWithinStack():821}(Object(Illuminate\\Http\\Request))
#10 /Users/macbook/Documents/Proyectos/kellyservices/poblation/vendor/laravel/framework/src/Illuminate/Routing/Middleware/SubstituteBindings.php(50): Illuminate\\Pipeline\\Pipeline->{closure:Illuminate\\Pipeline\\Pipeline::prepareDestination():178}(Object(Illuminate\\Http\\Request))
#11 /Users/macbook/Documents/Proyectos/kellyservices/poblation/vendor/laravel/framework/src/Illuminate/Pipeline/Pipeline.php(219): Illuminate\\Routing\\Middleware\\SubstituteBindings->handle(Object(Illuminate\\Http\\Request), Object(Closure))
#12 /Users/macbook/Documents/Proyectos/kellyservices/poblation/vendor/laravel/framework/src/Illuminate/Auth/Middleware/Authenticate.php(63): Illuminate\\Pipeline\\Pipeline->{closure:{closure:Illuminate\\Pipeline\\Pipeline::carry():194}:195}(Object(Illuminate\\Http\\Request))
#13 /Users/macbook/Documents/Proyectos/kellyservices/poblation/vendor/laravel/framework/src/Illuminate/Pipeline/Pipeline.php(219): Illuminate\\Auth\\Middleware\\Authenticate->handle(Object(Illuminate\\Http\\Request), Object(Closure), 'api')
#14 /Users/macbook/Documents/Proyectos/kellyservices/poblation/vendor/laravel/framework/src/Illuminate/Pipeline/Pipeline.php(137): Illuminate\\Pipeline\\Pipeline->{closure:{closure:Illuminate\\Pipeline\\Pipeline::carry():194}:195}(Object(Illuminate\\Http\\Request))
#15 /Users/macbook/Documents/Proyectos/kellyservices/poblation/vendor/laravel/framework/src/Illuminate/Routing/Router.php(821): Illuminate\\Pipeline\\Pipeline->then(Object(Closure))
#16 /Users/macbook/Documents/Proyectos/kellyservices/poblation/vendor/laravel/framework/src/Illuminate/Routing/Router.php(800): Illuminate\\Routing\\Router->runRouteWithinStack(Object(Illuminate\\Routing\\Route), Object(Illuminate\\Http\\Request))
#17 /Users/macbook/Documents/Proyectos/kellyservices/poblation/vendor/laravel/framework/src/Illuminate/Routing/Router.php(764): Illuminate\\Routing\\Router->runRoute(Object(Illuminate\\Http\\Request), Object(Illuminate\\Routing\\Route))
#18 /Users/macbook/Documents/Proyectos/kellyservices/poblation/vendor/laravel/framework/src/Illuminate/Routing/Router.php(753): Illuminate\\Routing\\Router->dispatchToRoute(Object(Illuminate\\Http\\Request))
#19 /Users/macbook/Documents/Proyectos/kellyservices/poblation/vendor/laravel/framework/src/Illuminate/Foundation/Http/Kernel.php(200): Illuminate\\Routing\\Router->dispatch(Object(Illuminate\\Http\\Request))
#20 /Users/macbook/Documents/Proyectos/kellyservices/poblation/vendor/laravel/framework/src/Illuminate/Pipeline/Pipeline.php(180): Illuminate\\Foundation\\Http\\Kernel->{closure:Illuminate\\Foundation\\Http\\Kernel::dispatchToRouter():197}(Object(Illuminate\\Http\\Request))
#21 /Users/macbook/Documents/Proyectos/kellyservices/poblation/vendor/laravel/framework/src/Illuminate/Foundation/Http/Middleware/TransformsRequest.php(21): Illuminate\\Pipeline\\Pipeline->{closure:Illuminate\\Pipeline\\Pipeline::prepareDestination():178}(Object(Illuminate\\Http\\Request))
#22 /Users/macbook/Documents/Proyectos/kellyservices/poblation/vendor/laravel/framework/src/Illuminate/Foundation/Http/Middleware/ConvertEmptyStringsToNull.php(31): Illuminate\\Foundation\\Http\\Middleware\\TransformsRequest->handle(Object(Illuminate\\Http\\Request), Object(Closure))
#23 /Users/macbook/Documents/Proyectos/kellyservices/poblation/vendor/laravel/framework/src/Illuminate/Pipeline/Pipeline.php(219): Illuminate\\Foundation\\Http\\Middleware\\ConvertEmptyStringsToNull->handle(Object(Illuminate\\Http\\Request), Object(Closure))
#24 /Users/macbook/Documents/Proyectos/kellyservices/poblation/vendor/laravel/framework/src/Illuminate/Foundation/Http/Middleware/TransformsRequest.php(21): Illuminate\\Pipeline\\Pipeline->{closure:{closure:Illuminate\\Pipeline\\Pipeline::carry():194}:195}(Object(Illuminate\\Http\\Request))
#25 /Users/macbook/Documents/Proyectos/kellyservices/poblation/vendor/laravel/framework/src/Illuminate/Foundation/Http/Middleware/TrimStrings.php(51): Illuminate\\Foundation\\Http\\Middleware\\TransformsRequest->handle(Object(Illuminate\\Http\\Request), Object(Closure))
#26 /Users/macbook/Documents/Proyectos/kellyservices/poblation/vendor/laravel/framework/src/Illuminate/Pipeline/Pipeline.php(219): Illuminate\\Foundation\\Http\\Middleware\\TrimStrings->handle(Object(Illuminate\\Http\\Request), Object(Closure))
#27 /Users/macbook/Documents/Proyectos/kellyservices/poblation/vendor/laravel/framework/src/Illuminate/Http/Middleware/ValidatePostSize.php(27): Illuminate\\Pipeline\\Pipeline->{closure:{closure:Illuminate\\Pipeline\\Pipeline::carry():194}:195}(Object(Illuminate\\Http\\Request))
#28 /Users/macbook/Documents/Proyectos/kellyservices/poblation/vendor/laravel/framework/src/Illuminate/Pipeline/Pipeline.php(219): Illuminate\\Http\\Middleware\\ValidatePostSize->handle(Object(Illuminate\\Http\\Request), Object(Closure))
#29 /Users/macbook/Documents/Proyectos/kellyservices/poblation/vendor/laravel/framework/src/Illuminate/Foundation/Http/Middleware/PreventRequestsDuringMaintenance.php(109): Illuminate\\Pipeline\\Pipeline->{closure:{closure:Illuminate\\Pipeline\\Pipeline::carry():194}:195}(Object(Illuminate\\Http\\Request))
#30 /Users/macbook/Documents/Proyectos/kellyservices/poblation/vendor/laravel/framework/src/Illuminate/Pipeline/Pipeline.php(219): Illuminate\\Foundation\\Http\\Middleware\\PreventRequestsDuringMaintenance->handle(Object(Illuminate\\Http\\Request), Object(Closure))
#31 /Users/macbook/Documents/Proyectos/kellyservices/poblation/vendor/laravel/framework/src/Illuminate/Http/Middleware/HandleCors.php(61): Illuminate\\Pipeline\\Pipeline->{closure:{closure:Illuminate\\Pipeline\\Pipeline::carry():194}:195}(Object(Illuminate\\Http\\Request))
#32 /Users/macbook/Documents/Proyectos/kellyservices/poblation/vendor/laravel/framework/src/Illuminate/Pipeline/Pipeline.php(219): Illuminate\\Http\\Middleware\\HandleCors->handle(Object(Illuminate\\Http\\Request), Object(Closure))
#33 /Users/macbook/Documents/Proyectos/kellyservices/poblation/vendor/laravel/framework/src/Illuminate/Http/Middleware/TrustProxies.php(58): Illuminate\\Pipeline\\Pipeline->{closure:{closure:Illuminate\\Pipeline\\Pipeline::carry():194}:195}(Object(Illuminate\\Http\\Request))
#34 /Users/macbook/Documents/Proyectos/kellyservices/poblation/vendor/laravel/framework/src/Illuminate/Pipeline/Pipeline.php(219): Illuminate\\Http\\Middleware\\TrustProxies->handle(Object(Illuminate\\Http\\Request), Object(Closure))
#35 /Users/macbook/Documents/Proyectos/kellyservices/poblation/vendor/laravel/framework/src/Illuminate/Foundation/Http/Middleware/InvokeDeferredCallbacks.php(22): Illuminate\\Pipeline\\Pipeline->{closure:{closure:Illuminate\\Pipeline\\Pipeline::carry():194}:195}(Object(Illuminate\\Http\\Request))
#36 /Users/macbook/Documents/Proyectos/kellyservices/poblation/vendor/laravel/framework/src/Illuminate/Pipeline/Pipeline.php(219): Illuminate\\Foundation\\Http\\Middleware\\InvokeDeferredCallbacks->handle(Object(Illuminate\\Http\\Request), Object(Closure))
#37 /Users/macbook/Documents/Proyectos/kellyservices/poblation/vendor/laravel/framework/src/Illuminate/Http/Middleware/ValidatePathEncoding.php(26): Illuminate\\Pipeline\\Pipeline->{closure:{closure:Illuminate\\Pipeline\\Pipeline::carry():194}:195}(Object(Illuminate\\Http\\Request))
#38 /Users/macbook/Documents/Proyectos/kellyservices/poblation/vendor/laravel/framework/src/Illuminate/Pipeline/Pipeline.php(219): Illuminate\\Http\\Middleware\\ValidatePathEncoding->handle(Object(Illuminate\\Http\\Request), Object(Closure))
#39 /Users/macbook/Documents/Proyectos/kellyservices/poblation/vendor/laravel/framework/src/Illuminate/Pipeline/Pipeline.php(137): Illuminate\\Pipeline\\Pipeline->{closure:{closure:Illuminate\\Pipeline\\Pipeline::carry():194}:195}(Object(Illuminate\\Http\\Request))
#40 /Users/macbook/Documents/Proyectos/kellyservices/poblation/vendor/laravel/framework/src/Illuminate/Foundation/Http/Kernel.php(175): Illuminate\\Pipeline\\Pipeline->then(Object(Closure))
#41 /Users/macbook/Documents/Proyectos/kellyservices/poblation/vendor/laravel/framework/src/Illuminate/Foundation/Http/Kernel.php(144): Illuminate\\Foundation\\Http\\Kernel->sendRequestThroughRouter(Object(Illuminate\\Http\\Request))
#42 /Users/macbook/Documents/Proyectos/kellyservices/poblation/vendor/laravel/framework/src/Illuminate/Foundation/Application.php(1220): Illuminate\\Foundation\\Http\\Kernel->handle(Object(Illuminate\\Http\\Request))
#43 /Users/macbook/Documents/Proyectos/kellyservices/poblation/public/index.php(20): Illuminate\\Foundation\\Application->handleRequest(Object(Illuminate\\Http\\Request))
#44 {main}
"} 
[2025-12-19 11:18:24] local.ERROR: Object of class PDOStatement could not be converted to string {"userId":1,"exception":"[object] (Error(code: 0): Object of class PDOStatement could not be converted to string at /Users/macbook/Documents/Proyectos/kellyservices/poblation/vendor/laravel/framework/src/Illuminate/Log/Logger.php:276)
[stacktrace]
#0 /Users/macbook/Documents/Proyectos/kellyservices/poblation/vendor/laravel/framework/src/Illuminate/Log/Logger.php(184): Illuminate\\Log\\Logger->formatMessage(Object(PDOStatement))
#1 /Users/macbook/Documents/Proyectos/kellyservices/poblation/vendor/laravel/framework/src/Illuminate/Log/Logger.php(144): Illuminate\\Log\\Logger->writeLog('debug', Object(PDOStatement), Array)
#2 /Users/macbook/Documents/Proyectos/kellyservices/poblation/vendor/laravel/framework/src/Illuminate/Log/LogManager.php(756): Illuminate\\Log\\Logger->debug(Object(PDOStatement), Array)
#3 /Users/macbook/Documents/Proyectos/kellyservices/poblation/vendor/laravel/framework/src/Illuminate/Support/Facades/Facade.php(363): Illuminate\\Log\\LogManager->debug(Object(PDOStatement))
#4 /Users/macbook/Documents/Proyectos/kellyservices/poblation/app/Http/Controllers/Api/PersonController.php(44): Illuminate\\Support\\Facades\\Facade::__callStatic('debug', Array)
#5 /Users/macbook/Documents/Proyectos/kellyservices/poblation/vendor/laravel/framework/src/Illuminate/Routing/ControllerDispatcher.php(46): App\\Http\\Controllers\\Api\\PersonController->show(1)
#6 /Users/macbook/Documents/Proyectos/kellyservices/poblation/vendor/laravel/framework/src/Illuminate/Routing/Route.php(265): Illuminate\\Routing\\ControllerDispatcher->dispatch(Object(Illuminate\\Routing\\Route), Object(App\\Http\\Controllers\\Api\\PersonController), 'show')
#7 /Users/macbook/Documents/Proyectos/kellyservices/poblation/vendor/laravel/framework/src/Illuminate/Routing/Route.php(211): Illuminate\\Routing\\Route->runController()
#8 /Users/macbook/Documents/Proyectos/kellyservices/poblation/vendor/laravel/framework/src/Illuminate/Routing/Router.php(822): Illuminate\\Routing\\Route->run()
#9 /Users/macbook/Documents/Proyectos/kellyservices/poblation/vendor/laravel/framework/src/Illuminate/Pipeline/Pipeline.php(180): Illuminate\\Routing\\Router->{closure:Illuminate\\Routing\\Router::runRouteWithinStack():821}(Object(Illuminate\\Http\\Request))
#10 /Users/macbook/Documents/Proyectos/kellyservices/poblation/vendor/laravel/framework/src/Illuminate/Routing/Middleware/SubstituteBindings.php(50): Illuminate\\Pipeline\\Pipeline->{closure:Illuminate\\Pipeline\\Pipeline::prepareDestination():178}(Object(Illuminate\\Http\\Request))
#11 /Users/macbook/Documents/Proyectos/kellyservices/poblation/vendor/laravel/framework/src/Illuminate/Pipeline/Pipeline.php(219): Illuminate\\Routing\\Middleware\\SubstituteBindings->handle(Object(Illuminate\\Http\\Request), Object(Closure))
#12 /Users/macbook/Documents/Proyectos/kellyservices/poblation/vendor/laravel/framework/src/Illuminate/Auth/Middleware/Authenticate.php(63): Illuminate\\Pipeline\\Pipeline->{closure:{closure:Illuminate\\Pipeline\\Pipeline::carry():194}:195}(Object(Illuminate\\Http\\Request))
#13 /Users/macbook/Documents/Proyectos/kellyservices/poblation/vendor/laravel/framework/src/Illuminate/Pipeline/Pipeline.php(219): Illuminate\\Auth\\Middleware\\Authenticate->handle(Object(Illuminate\\Http\\Request), Object(Closure), 'api')
#14 /Users/macbook/Documents/Proyectos/kellyservices/poblation/vendor/laravel/framework/src/Illuminate/Pipeline/Pipeline.php(137): Illuminate\\Pipeline\\Pipeline->{closure:{closure:Illuminate\\Pipeline\\Pipeline::carry():194}:195}(Object(Illuminate\\Http\\Request))
#15 /Users/macbook/Documents/Proyectos/kellyservices/poblation/vendor/laravel/framework/src/Illuminate/Routing/Router.php(821): Illuminate\\Pipeline\\Pipeline->then(Object(Closure))
#16 /Users/macbook/Documents/Proyectos/kellyservices/poblation/vendor/laravel/framework/src/Illuminate/Routing/Router.php(800): Illuminate\\Routing\\Router->runRouteWithinStack(Object(Illuminate\\Routing\\Route), Object(Illuminate\\Http\\Request))
#17 /Users/macbook/Documents/Proyectos/kellyservices/poblation/vendor/laravel/framework/src/Illuminate/Routing/Router.php(764): Illuminate\\Routing\\Router->runRoute(Object(Illuminate\\Http\\Request), Object(Illuminate\\Routing\\Route))
#18 /Users/macbook/Documents/Proyectos/kellyservices/poblation/vendor/laravel/framework/src/Illuminate/Routing/Router.php(753): Illuminate\\Routing\\Router->dispatchToRoute(Object(Illuminate\\Http\\Request))
#19 /Users/macbook/Documents/Proyectos/kellyservices/poblation/vendor/laravel/framework/src/Illuminate/Foundation/Http/Kernel.php(200): Illuminate\\Routing\\Router->dispatch(Object(Illuminate\\Http\\Request))
#20 /Users/macbook/Documents/Proyectos/kellyservices/poblation/vendor/laravel/framework/src/Illuminate/Pipeline/Pipeline.php(180): Illuminate\\Foundation\\Http\\Kernel->{closure:Illuminate\\Foundation\\Http\\Kernel::dispatchToRouter():197}(Object(Illuminate\\Http\\Request))
#21 /Users/macbook/Documents/Proyectos/kellyservices/poblation/vendor/laravel/framework/src/Illuminate/Foundation/Http/Middleware/TransformsRequest.php(21): Illuminate\\Pipeline\\Pipeline->{closure:Illuminate\\Pipeline\\Pipeline::prepareDestination():178}(Object(Illuminate\\Http\\Request))
#22 /Users/macbook/Documents/Proyectos/kellyservices/poblation/vendor/laravel/framework/src/Illuminate/Foundation/Http/Middleware/ConvertEmptyStringsToNull.php(31): Illuminate\\Foundation\\Http\\Middleware\\TransformsRequest->handle(Object(Illuminate\\Http\\Request), Object(Closure))
#23 /Users/macbook/Documents/Proyectos/kellyservices/poblation/vendor/laravel/framework/src/Illuminate/Pipeline/Pipeline.php(219): Illuminate\\Foundation\\Http\\Middleware\\ConvertEmptyStringsToNull->handle(Object(Illuminate\\Http\\Request), Object(Closure))
#24 /Users/macbook/Documents/Proyectos/kellyservices/poblation/vendor/laravel/framework/src/Illuminate/Foundation/Http/Middleware/TransformsRequest.php(21): Illuminate\\Pipeline\\Pipeline->{closure:{closure:Illuminate\\Pipeline\\Pipeline::carry():194}:195}(Object(Illuminate\\Http\\Request))
#25 /Users/macbook/Documents/Proyectos/kellyservices/poblation/vendor/laravel/framework/src/Illuminate/Foundation/Http/Middleware/TrimStrings.php(51): Illuminate\\Foundation\\Http\\Middleware\\TransformsRequest->handle(Object(Illuminate\\Http\\Request), Object(Closure))
#26 /Users/macbook/Documents/Proyectos/kellyservices/poblation/vendor/laravel/framework/src/Illuminate/Pipeline/Pipeline.php(219): Illuminate\\Foundation\\Http\\Middleware\\TrimStrings->handle(Object(Illuminate\\Http\\Request), Object(Closure))
#27 /Users/macbook/Documents/Proyectos/kellyservices/poblation/vendor/laravel/framework/src/Illuminate/Http/Middleware/ValidatePostSize.php(27): Illuminate\\Pipeline\\Pipeline->{closure:{closure:Illuminate\\Pipeline\\Pipeline::carry():194}:195}(Object(Illuminate\\Http\\Request))
#28 /Users/macbook/Documents/Proyectos/kellyservices/poblation/vendor/laravel/framework/src/Illuminate/Pipeline/Pipeline.php(219): Illuminate\\Http\\Middleware\\ValidatePostSize->handle(Object(Illuminate\\Http\\Request), Object(Closure))
#29 /Users/macbook/Documents/Proyectos/kellyservices/poblation/vendor/laravel/framework/src/Illuminate/Foundation/Http/Middleware/PreventRequestsDuringMaintenance.php(109): Illuminate\\Pipeline\\Pipeline->{closure:{closure:Illuminate\\Pipeline\\Pipeline::carry():194}:195}(Object(Illuminate\\Http\\Request))
#30 /Users/macbook/Documents/Proyectos/kellyservices/poblation/vendor/laravel/framework/src/Illuminate/Pipeline/Pipeline.php(219): Illuminate\\Foundation\\Http\\Middleware\\PreventRequestsDuringMaintenance->handle(Object(Illuminate\\Http\\Request), Object(Closure))
#31 /Users/macbook/Documents/Proyectos/kellyservices/poblation/vendor/laravel/framework/src/Illuminate/Http/Middleware/HandleCors.php(61): Illuminate\\Pipeline\\Pipeline->{closure:{closure:Illuminate\\Pipeline\\Pipeline::carry():194}:195}(Object(Illuminate\\Http\\Request))
#32 /Users/macbook/Documents/Proyectos/kellyservices/poblation/vendor/laravel/framework/src/Illuminate/Pipeline/Pipeline.php(219): Illuminate\\Http\\Middleware\\HandleCors->handle(Object(Illuminate\\Http\\Request), Object(Closure))
#33 /Users/macbook/Documents/Proyectos/kellyservices/poblation/vendor/laravel/framework/src/Illuminate/Http/Middleware/TrustProxies.php(58): Illuminate\\Pipeline\\Pipeline->{closure:{closure:Illuminate\\Pipeline\\Pipeline::carry():194}:195}(Object(Illuminate\\Http\\Request))
#34 /Users/macbook/Documents/Proyectos/kellyservices/poblation/vendor/laravel/framework/src/Illuminate/Pipeline/Pipeline.php(219): Illuminate\\Http\\Middleware\\TrustProxies->handle(Object(Illuminate\\Http\\Request), Object(Closure))
#35 /Users/macbook/Documents/Proyectos/kellyservices/poblation/vendor/laravel/framework/src/Illuminate/Foundation/Http/Middleware/InvokeDeferredCallbacks.php(22): Illuminate\\Pipeline\\Pipeline->{closure:{closure:Illuminate\\Pipeline\\Pipeline::carry():194}:195}(Object(Illuminate\\Http\\Request))
#36 /Users/macbook/Documents/Proyectos/kellyservices/poblation/vendor/laravel/framework/src/Illuminate/Pipeline/Pipeline.php(219): Illuminate\\Foundation\\Http\\Middleware\\InvokeDeferredCallbacks->handle(Object(Illuminate\\Http\\Request), Object(Closure))
#37 /Users/macbook/Documents/Proyectos/kellyservices/poblation/vendor/laravel/framework/src/Illuminate/Http/Middleware/ValidatePathEncoding.php(26): Illuminate\\Pipeline\\Pipeline->{closure:{closure:Illuminate\\Pipeline\\Pipeline::carry():194}:195}(Object(Illuminate\\Http\\Request))
#38 /Users/macbook/Documents/Proyectos/kellyservices/poblation/vendor/laravel/framework/src/Illuminate/Pipeline/Pipeline.php(219): Illuminate\\Http\\Middleware\\ValidatePathEncoding->handle(Object(Illuminate\\Http\\Request), Object(Closure))
#39 /Users/macbook/Documents/Proyectos/kellyservices/poblation/vendor/laravel/framework/src/Illuminate/Pipeline/Pipeline.php(137): Illuminate\\Pipeline\\Pipeline->{closure:{closure:Illuminate\\Pipeline\\Pipeline::carry():194}:195}(Object(Illuminate\\Http\\Request))
#40 /Users/macbook/Documents/Proyectos/kellyservices/poblation/vendor/laravel/framework/src/Illuminate/Foundation/Http/Kernel.php(175): Illuminate\\Pipeline\\Pipeline->then(Object(Closure))
#41 /Users/macbook/Documents/Proyectos/kellyservices/poblation/vendor/laravel/framework/src/Illuminate/Foundation/Http/Kernel.php(144): Illuminate\\Foundation\\Http\\Kernel->sendRequestThroughRouter(Object(Illuminate\\Http\\Request))
#42 /Users/macbook/Documents/Proyectos/kellyservices/poblation/vendor/laravel/framework/src/Illuminate/Foundation/Application.php(1220): Illuminate\\Foundation\\Http\\Kernel->handle(Object(Illuminate\\Http\\Request))
#43 /Users/macbook/Documents/Proyectos/kellyservices/poblation/public/index.php(20): Illuminate\\Foundation\\Application->handleRequest(Object(Illuminate\\Http\\Request))
#44 {main}
"} 
[2025-12-19 11:19:54] local.ERROR: Object of class PDOStatement could not be converted to string {"userId":1,"exception":"[object] (Error(code: 0): Object of class PDOStatement could not be converted to string at /Users/macbook/Documents/Proyectos/kellyservices/poblation/vendor/laravel/framework/src/Illuminate/Log/Logger.php:276)
[stacktrace]
#0 /Users/macbook/Documents/Proyectos/kellyservices/poblation/vendor/laravel/framework/src/Illuminate/Log/Logger.php(184): Illuminate\\Log\\Logger->formatMessage(Object(PDOStatement))
#1 /Users/macbook/Documents/Proyectos/kellyservices/poblation/vendor/laravel/framework/src/Illuminate/Log/Logger.php(144): Illuminate\\Log\\Logger->writeLog('debug', Object(PDOStatement), Array)
#2 /Users/macbook/Documents/Proyectos/kellyservices/poblation/vendor/laravel/framework/src/Illuminate/Log/LogManager.php(756): Illuminate\\Log\\Logger->debug(Object(PDOStatement), Array)
#3 /Users/macbook/Documents/Proyectos/kellyservices/poblation/vendor/laravel/framework/src/Illuminate/Support/Facades/Facade.php(363): Illuminate\\Log\\LogManager->debug(Object(PDOStatement))
#4 /Users/macbook/Documents/Proyectos/kellyservices/poblation/app/Http/Controllers/Api/PersonController.php(44): Illuminate\\Support\\Facades\\Facade::__callStatic('debug', Array)
#5 /Users/macbook/Documents/Proyectos/kellyservices/poblation/vendor/laravel/framework/src/Illuminate/Routing/ControllerDispatcher.php(46): App\\Http\\Controllers\\Api\\PersonController->show(5)
#6 /Users/macbook/Documents/Proyectos/kellyservices/poblation/vendor/laravel/framework/src/Illuminate/Routing/Route.php(265): Illuminate\\Routing\\ControllerDispatcher->dispatch(Object(Illuminate\\Routing\\Route), Object(App\\Http\\Controllers\\Api\\PersonController), 'show')
#7 /Users/macbook/Documents/Proyectos/kellyservices/poblation/vendor/laravel/framework/src/Illuminate/Routing/Route.php(211): Illuminate\\Routing\\Route->runController()
#8 /Users/macbook/Documents/Proyectos/kellyservices/poblation/vendor/laravel/framework/src/Illuminate/Routing/Router.php(822): Illuminate\\Routing\\Route->run()
#9 /Users/macbook/Documents/Proyectos/kellyservices/poblation/vendor/laravel/framework/src/Illuminate/Pipeline/Pipeline.php(180): Illuminate\\Routing\\Router->{closure:Illuminate\\Routing\\Router::runRouteWithinStack():821}(Object(Illuminate\\Http\\Request))
#10 /Users/macbook/Documents/Proyectos/kellyservices/poblation/vendor/laravel/framework/src/Illuminate/Routing/Middleware/SubstituteBindings.php(50): Illuminate\\Pipeline\\Pipeline->{closure:Illuminate\\Pipeline\\Pipeline::prepareDestination():178}(Object(Illuminate\\Http\\Request))
#11 /Users/macbook/Documents/Proyectos/kellyservices/poblation/vendor/laravel/framework/src/Illuminate/Pipeline/Pipeline.php(219): Illuminate\\Routing\\Middleware\\SubstituteBindings->handle(Object(Illuminate\\Http\\Request), Object(Closure))
#12 /Users/macbook/Documents/Proyectos/kellyservices/poblation/vendor/laravel/framework/src/Illuminate/Auth/Middleware/Authenticate.php(63): Illuminate\\Pipeline\\Pipeline->{closure:{closure:Illuminate\\Pipeline\\Pipeline::carry():194}:195}(Object(Illuminate\\Http\\Request))
#13 /Users/macbook/Documents/Proyectos/kellyservices/poblation/vendor/laravel/framework/src/Illuminate/Pipeline/Pipeline.php(219): Illuminate\\Auth\\Middleware\\Authenticate->handle(Object(Illuminate\\Http\\Request), Object(Closure), 'api')
#14 /Users/macbook/Documents/Proyectos/kellyservices/poblation/vendor/laravel/framework/src/Illuminate/Pipeline/Pipeline.php(137): Illuminate\\Pipeline\\Pipeline->{closure:{closure:Illuminate\\Pipeline\\Pipeline::carry():194}:195}(Object(Illuminate\\Http\\Request))
#15 /Users/macbook/Documents/Proyectos/kellyservices/poblation/vendor/laravel/framework/src/Illuminate/Routing/Router.php(821): Illuminate\\Pipeline\\Pipeline->then(Object(Closure))
#16 /Users/macbook/Documents/Proyectos/kellyservices/poblation/vendor/laravel/framework/src/Illuminate/Routing/Router.php(800): Illuminate\\Routing\\Router->runRouteWithinStack(Object(Illuminate\\Routing\\Route), Object(Illuminate\\Http\\Request))
#17 /Users/macbook/Documents/Proyectos/kellyservices/poblation/vendor/laravel/framework/src/Illuminate/Routing/Router.php(764): Illuminate\\Routing\\Router->runRoute(Object(Illuminate\\Http\\Request), Object(Illuminate\\Routing\\Route))
#18 /Users/macbook/Documents/Proyectos/kellyservices/poblation/vendor/laravel/framework/src/Illuminate/Routing/Router.php(753): Illuminate\\Routing\\Router->dispatchToRoute(Object(Illuminate\\Http\\Request))
#19 /Users/macbook/Documents/Proyectos/kellyservices/poblation/vendor/laravel/framework/src/Illuminate/Foundation/Http/Kernel.php(200): Illuminate\\Routing\\Router->dispatch(Object(Illuminate\\Http\\Request))
#20 /Users/macbook/Documents/Proyectos/kellyservices/poblation/vendor/laravel/framework/src/Illuminate/Pipeline/Pipeline.php(180): Illuminate\\Foundation\\Http\\Kernel->{closure:Illuminate\\Foundation\\Http\\Kernel::dispatchToRouter():197}(Object(Illuminate\\Http\\Request))
#21 /Users/macbook/Documents/Proyectos/kellyservices/poblation/vendor/laravel/framework/src/Illuminate/Foundation/Http/Middleware/TransformsRequest.php(21): Illuminate\\Pipeline\\Pipeline->{closure:Illuminate\\Pipeline\\Pipeline::prepareDestination():178}(Object(Illuminate\\Http\\Request))
#22 /Users/macbook/Documents/Proyectos/kellyservices/poblation/vendor/laravel/framework/src/Illuminate/Foundation/Http/Middleware/ConvertEmptyStringsToNull.php(31): Illuminate\\Foundation\\Http\\Middleware\\TransformsRequest->handle(Object(Illuminate\\Http\\Request), Object(Closure))
#23 /Users/macbook/Documents/Proyectos/kellyservices/poblation/vendor/laravel/framework/src/Illuminate/Pipeline/Pipeline.php(219): Illuminate\\Foundation\\Http\\Middleware\\ConvertEmptyStringsToNull->handle(Object(Illuminate\\Http\\Request), Object(Closure))
#24 /Users/macbook/Documents/Proyectos/kellyservices/poblation/vendor/laravel/framework/src/Illuminate/Foundation/Http/Middleware/TransformsRequest.php(21): Illuminate\\Pipeline\\Pipeline->{closure:{closure:Illuminate\\Pipeline\\Pipeline::carry():194}:195}(Object(Illuminate\\Http\\Request))
#25 /Users/macbook/Documents/Proyectos/kellyservices/poblation/vendor/laravel/framework/src/Illuminate/Foundation/Http/Middleware/TrimStrings.php(51): Illuminate\\Foundation\\Http\\Middleware\\TransformsRequest->handle(Object(Illuminate\\Http\\Request), Object(Closure))
#26 /Users/macbook/Documents/Proyectos/kellyservices/poblation/vendor/laravel/framework/src/Illuminate/Pipeline/Pipeline.php(219): Illuminate\\Foundation\\Http\\Middleware\\TrimStrings->handle(Object(Illuminate\\Http\\Request), Object(Closure))
#27 /Users/macbook/Documents/Proyectos/kellyservices/poblation/vendor/laravel/framework/src/Illuminate/Http/Middleware/ValidatePostSize.php(27): Illuminate\\Pipeline\\Pipeline->{closure:{closure:Illuminate\\Pipeline\\Pipeline::carry():194}:195}(Object(Illuminate\\Http\\Request))
#28 /Users/macbook/Documents/Proyectos/kellyservices/poblation/vendor/laravel/framework/src/Illuminate/Pipeline/Pipeline.php(219): Illuminate\\Http\\Middleware\\ValidatePostSize->handle(Object(Illuminate\\Http\\Request), Object(Closure))
#29 /Users/macbook/Documents/Proyectos/kellyservices/poblation/vendor/laravel/framework/src/Illuminate/Foundation/Http/Middleware/PreventRequestsDuringMaintenance.php(109): Illuminate\\Pipeline\\Pipeline->{closure:{closure:Illuminate\\Pipeline\\Pipeline::carry():194}:195}(Object(Illuminate\\Http\\Request))
#30 /Users/macbook/Documents/Proyectos/kellyservices/poblation/vendor/laravel/framework/src/Illuminate/Pipeline/Pipeline.php(219): Illuminate\\Foundation\\Http\\Middleware\\PreventRequestsDuringMaintenance->handle(Object(Illuminate\\Http\\Request), Object(Closure))
#31 /Users/macbook/Documents/Proyectos/kellyservices/poblation/vendor/laravel/framework/src/Illuminate/Http/Middleware/HandleCors.php(61): Illuminate\\Pipeline\\Pipeline->{closure:{closure:Illuminate\\Pipeline\\Pipeline::carry():194}:195}(Object(Illuminate\\Http\\Request))
#32 /Users/macbook/Documents/Proyectos/kellyservices/poblation/vendor/laravel/framework/src/Illuminate/Pipeline/Pipeline.php(219): Illuminate\\Http\\Middleware\\HandleCors->handle(Object(Illuminate\\Http\\Request), Object(Closure))
#33 /Users/macbook/Documents/Proyectos/kellyservices/poblation/vendor/laravel/framework/src/Illuminate/Http/Middleware/TrustProxies.php(58): Illuminate\\Pipeline\\Pipeline->{closure:{closure:Illuminate\\Pipeline\\Pipeline::carry():194}:195}(Object(Illuminate\\Http\\Request))
#34 /Users/macbook/Documents/Proyectos/kellyservices/poblation/vendor/laravel/framework/src/Illuminate/Pipeline/Pipeline.php(219): Illuminate\\Http\\Middleware\\TrustProxies->handle(Object(Illuminate\\Http\\Request), Object(Closure))
#35 /Users/macbook/Documents/Proyectos/kellyservices/poblation/vendor/laravel/framework/src/Illuminate/Foundation/Http/Middleware/InvokeDeferredCallbacks.php(22): Illuminate\\Pipeline\\Pipeline->{closure:{closure:Illuminate\\Pipeline\\Pipeline::carry():194}:195}(Object(Illuminate\\Http\\Request))
#36 /Users/macbook/Documents/Proyectos/kellyservices/poblation/vendor/laravel/framework/src/Illuminate/Pipeline/Pipeline.php(219): Illuminate\\Foundation\\Http\\Middleware\\InvokeDeferredCallbacks->handle(Object(Illuminate\\Http\\Request), Object(Closure))
#37 /Users/macbook/Documents/Proyectos/kellyservices/poblation/vendor/laravel/framework/src/Illuminate/Http/Middleware/ValidatePathEncoding.php(26): Illuminate\\Pipeline\\Pipeline->{closure:{closure:Illuminate\\Pipeline\\Pipeline::carry():194}:195}(Object(Illuminate\\Http\\Request))
#38 /Users/macbook/Documents/Proyectos/kellyservices/poblation/vendor/laravel/framework/src/Illuminate/Pipeline/Pipeline.php(219): Illuminate\\Http\\Middleware\\ValidatePathEncoding->handle(Object(Illuminate\\Http\\Request), Object(Closure))
#39 /Users/macbook/Documents/Proyectos/kellyservices/poblation/vendor/laravel/framework/src/Illuminate/Pipeline/Pipeline.php(137): Illuminate\\Pipeline\\Pipeline->{closure:{closure:Illuminate\\Pipeline\\Pipeline::carry():194}:195}(Object(Illuminate\\Http\\Request))
#40 /Users/macbook/Documents/Proyectos/kellyservices/poblation/vendor/laravel/framework/src/Illuminate/Foundation/Http/Kernel.php(175): Illuminate\\Pipeline\\Pipeline->then(Object(Closure))
#41 /Users/macbook/Documents/Proyectos/kellyservices/poblation/vendor/laravel/framework/src/Illuminate/Foundation/Http/Kernel.php(144): Illuminate\\Foundation\\Http\\Kernel->sendRequestThroughRouter(Object(Illuminate\\Http\\Request))
#42 /Users/macbook/Documents/Proyectos/kellyservices/poblation/vendor/laravel/framework/src/Illuminate/Foundation/Application.php(1220): Illuminate\\Foundation\\Http\\Kernel->handle(Object(Illuminate\\Http\\Request))
#43 /Users/macbook/Documents/Proyectos/kellyservices/poblation/public/index.php(20): Illuminate\\Foundation\\Application->handleRequest(Object(Illuminate\\Http\\Request))
#44 {main}
"} 
[2025-12-19 11:21:26] local.ERROR: Object of class PDOStatement could not be converted to string {"userId":1,"exception":"[object] (Error(code: 0): Object of class PDOStatement could not be converted to string at /Users/macbook/Documents/Proyectos/kellyservices/poblation/vendor/laravel/framework/src/Illuminate/Log/Logger.php:276)
[stacktrace]
#0 /Users/macbook/Documents/Proyectos/kellyservices/poblation/vendor/laravel/framework/src/Illuminate/Log/Logger.php(184): Illuminate\\Log\\Logger->formatMessage(Object(PDOStatement))
#1 /Users/macbook/Documents/Proyectos/kellyservices/poblation/vendor/laravel/framework/src/Illuminate/Log/Logger.php(144): Illuminate\\Log\\Logger->writeLog('debug', Object(PDOStatement), Array)
#2 /Users/macbook/Documents/Proyectos/kellyservices/poblation/vendor/laravel/framework/src/Illuminate/Log/LogManager.php(756): Illuminate\\Log\\Logger->debug(Object(PDOStatement), Array)
#3 /Users/macbook/Documents/Proyectos/kellyservices/poblation/vendor/laravel/framework/src/Illuminate/Support/Facades/Facade.php(363): Illuminate\\Log\\LogManager->debug(Object(PDOStatement))
#4 /Users/macbook/Documents/Proyectos/kellyservices/poblation/app/Http/Controllers/Api/PersonController.php(44): Illuminate\\Support\\Facades\\Facade::__callStatic('debug', Array)
#5 /Users/macbook/Documents/Proyectos/kellyservices/poblation/vendor/laravel/framework/src/Illuminate/Routing/ControllerDispatcher.php(46): App\\Http\\Controllers\\Api\\PersonController->show(3)
#6 /Users/macbook/Documents/Proyectos/kellyservices/poblation/vendor/laravel/framework/src/Illuminate/Routing/Route.php(265): Illuminate\\Routing\\ControllerDispatcher->dispatch(Object(Illuminate\\Routing\\Route), Object(App\\Http\\Controllers\\Api\\PersonController), 'show')
#7 /Users/macbook/Documents/Proyectos/kellyservices/poblation/vendor/laravel/framework/src/Illuminate/Routing/Route.php(211): Illuminate\\Routing\\Route->runController()
#8 /Users/macbook/Documents/Proyectos/kellyservices/poblation/vendor/laravel/framework/src/Illuminate/Routing/Router.php(822): Illuminate\\Routing\\Route->run()
#9 /Users/macbook/Documents/Proyectos/kellyservices/poblation/vendor/laravel/framework/src/Illuminate/Pipeline/Pipeline.php(180): Illuminate\\Routing\\Router->{closure:Illuminate\\Routing\\Router::runRouteWithinStack():821}(Object(Illuminate\\Http\\Request))
#10 /Users/macbook/Documents/Proyectos/kellyservices/poblation/vendor/laravel/framework/src/Illuminate/Routing/Middleware/SubstituteBindings.php(50): Illuminate\\Pipeline\\Pipeline->{closure:Illuminate\\Pipeline\\Pipeline::prepareDestination():178}(Object(Illuminate\\Http\\Request))
#11 /Users/macbook/Documents/Proyectos/kellyservices/poblation/vendor/laravel/framework/src/Illuminate/Pipeline/Pipeline.php(219): Illuminate\\Routing\\Middleware\\SubstituteBindings->handle(Object(Illuminate\\Http\\Request), Object(Closure))
#12 /Users/macbook/Documents/Proyectos/kellyservices/poblation/vendor/laravel/framework/src/Illuminate/Auth/Middleware/Authenticate.php(63): Illuminate\\Pipeline\\Pipeline->{closure:{closure:Illuminate\\Pipeline\\Pipeline::carry():194}:195}(Object(Illuminate\\Http\\Request))
#13 /Users/macbook/Documents/Proyectos/kellyservices/poblation/vendor/laravel/framework/src/Illuminate/Pipeline/Pipeline.php(219): Illuminate\\Auth\\Middleware\\Authenticate->handle(Object(Illuminate\\Http\\Request), Object(Closure), 'api')
#14 /Users/macbook/Documents/Proyectos/kellyservices/poblation/vendor/laravel/framework/src/Illuminate/Pipeline/Pipeline.php(137): Illuminate\\Pipeline\\Pipeline->{closure:{closure:Illuminate\\Pipeline\\Pipeline::carry():194}:195}(Object(Illuminate\\Http\\Request))
#15 /Users/macbook/Documents/Proyectos/kellyservices/poblation/vendor/laravel/framework/src/Illuminate/Routing/Router.php(821): Illuminate\\Pipeline\\Pipeline->then(Object(Closure))
#16 /Users/macbook/Documents/Proyectos/kellyservices/poblation/vendor/laravel/framework/src/Illuminate/Routing/Router.php(800): Illuminate\\Routing\\Router->runRouteWithinStack(Object(Illuminate\\Routing\\Route), Object(Illuminate\\Http\\Request))
#17 /Users/macbook/Documents/Proyectos/kellyservices/poblation/vendor/laravel/framework/src/Illuminate/Routing/Router.php(764): Illuminate\\Routing\\Router->runRoute(Object(Illuminate\\Http\\Request), Object(Illuminate\\Routing\\Route))
#18 /Users/macbook/Documents/Proyectos/kellyservices/poblation/vendor/laravel/framework/src/Illuminate/Routing/Router.php(753): Illuminate\\Routing\\Router->dispatchToRoute(Object(Illuminate\\Http\\Request))
#19 /Users/macbook/Documents/Proyectos/kellyservices/poblation/vendor/laravel/framework/src/Illuminate/Foundation/Http/Kernel.php(200): Illuminate\\Routing\\Router->dispatch(Object(Illuminate\\Http\\Request))
#20 /Users/macbook/Documents/Proyectos/kellyservices/poblation/vendor/laravel/framework/src/Illuminate/Pipeline/Pipeline.php(180): Illuminate\\Foundation\\Http\\Kernel->{closure:Illuminate\\Foundation\\Http\\Kernel::dispatchToRouter():197}(Object(Illuminate\\Http\\Request))
#21 /Users/macbook/Documents/Proyectos/kellyservices/poblation/vendor/laravel/framework/src/Illuminate/Foundation/Http/Middleware/TransformsRequest.php(21): Illuminate\\Pipeline\\Pipeline->{closure:Illuminate\\Pipeline\\Pipeline::prepareDestination():178}(Object(Illuminate\\Http\\Request))
#22 /Users/macbook/Documents/Proyectos/kellyservices/poblation/vendor/laravel/framework/src/Illuminate/Foundation/Http/Middleware/ConvertEmptyStringsToNull.php(31): Illuminate\\Foundation\\Http\\Middleware\\TransformsRequest->handle(Object(Illuminate\\Http\\Request), Object(Closure))
#23 /Users/macbook/Documents/Proyectos/kellyservices/poblation/vendor/laravel/framework/src/Illuminate/Pipeline/Pipeline.php(219): Illuminate\\Foundation\\Http\\Middleware\\ConvertEmptyStringsToNull->handle(Object(Illuminate\\Http\\Request), Object(Closure))
#24 /Users/macbook/Documents/Proyectos/kellyservices/poblation/vendor/laravel/framework/src/Illuminate/Foundation/Http/Middleware/TransformsRequest.php(21): Illuminate\\Pipeline\\Pipeline->{closure:{closure:Illuminate\\Pipeline\\Pipeline::carry():194}:195}(Object(Illuminate\\Http\\Request))
#25 /Users/macbook/Documents/Proyectos/kellyservices/poblation/vendor/laravel/framework/src/Illuminate/Foundation/Http/Middleware/TrimStrings.php(51): Illuminate\\Foundation\\Http\\Middleware\\TransformsRequest->handle(Object(Illuminate\\Http\\Request), Object(Closure))
#26 /Users/macbook/Documents/Proyectos/kellyservices/poblation/vendor/laravel/framework/src/Illuminate/Pipeline/Pipeline.php(219): Illuminate\\Foundation\\Http\\Middleware\\TrimStrings->handle(Object(Illuminate\\Http\\Request), Object(Closure))
#27 /Users/macbook/Documents/Proyectos/kellyservices/poblation/vendor/laravel/framework/src/Illuminate/Http/Middleware/ValidatePostSize.php(27): Illuminate\\Pipeline\\Pipeline->{closure:{closure:Illuminate\\Pipeline\\Pipeline::carry():194}:195}(Object(Illuminate\\Http\\Request))
#28 /Users/macbook/Documents/Proyectos/kellyservices/poblation/vendor/laravel/framework/src/Illuminate/Pipeline/Pipeline.php(219): Illuminate\\Http\\Middleware\\ValidatePostSize->handle(Object(Illuminate\\Http\\Request), Object(Closure))
#29 /Users/macbook/Documents/Proyectos/kellyservices/poblation/vendor/laravel/framework/src/Illuminate/Foundation/Http/Middleware/PreventRequestsDuringMaintenance.php(109): Illuminate\\Pipeline\\Pipeline->{closure:{closure:Illuminate\\Pipeline\\Pipeline::carry():194}:195}(Object(Illuminate\\Http\\Request))
#30 /Users/macbook/Documents/Proyectos/kellyservices/poblation/vendor/laravel/framework/src/Illuminate/Pipeline/Pipeline.php(219): Illuminate\\Foundation\\Http\\Middleware\\PreventRequestsDuringMaintenance->handle(Object(Illuminate\\Http\\Request), Object(Closure))
#31 /Users/macbook/Documents/Proyectos/kellyservices/poblation/vendor/laravel/framework/src/Illuminate/Http/Middleware/HandleCors.php(61): Illuminate\\Pipeline\\Pipeline->{closure:{closure:Illuminate\\Pipeline\\Pipeline::carry():194}:195}(Object(Illuminate\\Http\\Request))
#32 /Users/macbook/Documents/Proyectos/kellyservices/poblation/vendor/laravel/framework/src/Illuminate/Pipeline/Pipeline.php(219): Illuminate\\Http\\Middleware\\HandleCors->handle(Object(Illuminate\\Http\\Request), Object(Closure))
#33 /Users/macbook/Documents/Proyectos/kellyservices/poblation/vendor/laravel/framework/src/Illuminate/Http/Middleware/TrustProxies.php(58): Illuminate\\Pipeline\\Pipeline->{closure:{closure:Illuminate\\Pipeline\\Pipeline::carry():194}:195}(Object(Illuminate\\Http\\Request))
#34 /Users/macbook/Documents/Proyectos/kellyservices/poblation/vendor/laravel/framework/src/Illuminate/Pipeline/Pipeline.php(219): Illuminate\\Http\\Middleware\\TrustProxies->handle(Object(Illuminate\\Http\\Request), Object(Closure))
#35 /Users/macbook/Documents/Proyectos/kellyservices/poblation/vendor/laravel/framework/src/Illuminate/Foundation/Http/Middleware/InvokeDeferredCallbacks.php(22): Illuminate\\Pipeline\\Pipeline->{closure:{closure:Illuminate\\Pipeline\\Pipeline::carry():194}:195}(Object(Illuminate\\Http\\Request))
#36 /Users/macbook/Documents/Proyectos/kellyservices/poblation/vendor/laravel/framework/src/Illuminate/Pipeline/Pipeline.php(219): Illuminate\\Foundation\\Http\\Middleware\\InvokeDeferredCallbacks->handle(Object(Illuminate\\Http\\Request), Object(Closure))
#37 /Users/macbook/Documents/Proyectos/kellyservices/poblation/vendor/laravel/framework/src/Illuminate/Http/Middleware/ValidatePathEncoding.php(26): Illuminate\\Pipeline\\Pipeline->{closure:{closure:Illuminate\\Pipeline\\Pipeline::carry():194}:195}(Object(Illuminate\\Http\\Request))
#38 /Users/macbook/Documents/Proyectos/kellyservices/poblation/vendor/laravel/framework/src/Illuminate/Pipeline/Pipeline.php(219): Illuminate\\Http\\Middleware\\ValidatePathEncoding->handle(Object(Illuminate\\Http\\Request), Object(Closure))
#39 /Users/macbook/Documents/Proyectos/kellyservices/poblation/vendor/laravel/framework/src/Illuminate/Pipeline/Pipeline.php(137): Illuminate\\Pipeline\\Pipeline->{closure:{closure:Illuminate\\Pipeline\\Pipeline::carry():194}:195}(Object(Illuminate\\Http\\Request))
#40 /Users/macbook/Documents/Proyectos/kellyservices/poblation/vendor/laravel/framework/src/Illuminate/Foundation/Http/Kernel.php(175): Illuminate\\Pipeline\\Pipeline->then(Object(Closure))
#41 /Users/macbook/Documents/Proyectos/kellyservices/poblation/vendor/laravel/framework/src/Illuminate/Foundation/Http/Kernel.php(144): Illuminate\\Foundation\\Http\\Kernel->sendRequestThroughRouter(Object(Illuminate\\Http\\Request))
#42 /Users/macbook/Documents/Proyectos/kellyservices/poblation/vendor/laravel/framework/src/Illuminate/Foundation/Application.php(1220): Illuminate\\Foundation\\Http\\Kernel->handle(Object(Illuminate\\Http\\Request))
#43 /Users/macbook/Documents/Proyectos/kellyservices/poblation/public/index.php(20): Illuminate\\Foundation\\Application->handleRequest(Object(Illuminate\\Http\\Request))
#44 {main}
"} 
